<?xml version="1.0" encoding="UTF-8"?>
<!-- Generated by org.testng.reporters.JUnitXMLReporter -->
<testsuite ignored="21" hostname="Prashant" failures="0" tests="1" name="Default test" time="16.891" errors="0" timestamp="2023-10-27T17:11:10 EDT">
  <testcase classname="com.ExcelR_Project_3.Amazon.runTestcases" name="addProductsToCart_Verification" time="15.099"/>
  <testcase classname="com.ExcelR_Project_3.Amazon.runTestcases" name="homepage_validation" time="0.0">
    <ignored/>
  </testcase> <!-- homepage_validation -->
  <testcase classname="com.ExcelR_Project_3.Amazon.runTestcases" name="categoryMobiles_Verification" time="0.0">
    <ignored/>
  </testcase> <!-- categoryMobiles_Verification -->
  <testcase classname="com.ExcelR_Project_3.Amazon.runTestcases" name="productQuantityInCart_Verification" time="0.0">
    <ignored/>
  </testcase> <!-- productQuantityInCart_Verification -->
  <testcase classname="com.ExcelR_Project_3.Amazon.runTestcases" name="changeCountryToUnitedKingdom_Verifiaction" time="0.0">
    <ignored/>
  </testcase> <!-- changeCountryToUnitedKingdom_Verifiaction -->
  <testcase classname="com.ExcelR_Project_3.Amazon.runTestcases" name="searchProductByFilter_Validation" time="0.0">
    <ignored/>
  </testcase> <!-- searchProductByFilter_Validation -->
  <testcase classname="com.ExcelR_Project_3.Amazon.runTestcases" name="changeCountryToCanada_Verifiaction" time="0.0">
    <ignored/>
  </testcase> <!-- changeCountryToCanada_Verifiaction -->
  <testcase classname="com.ExcelR_Project_3.Amazon.runTestcases" name="buyNowButtonfunctionality_Verification" time="0.0">
    <ignored/>
  </testcase> <!-- buyNowButtonfunctionality_Verification -->
  <testcase classname="com.ExcelR_Project_3.Amazon.runTestcases" name="CountryLanguageList_Validation" time="0.0">
    <ignored/>
  </testcase> <!-- CountryLanguageList_Validation -->
  <testcase classname="com.ExcelR_Project_3.Amazon.runTestcases" name="MarathiLanguage_Validation" time="0.0">
    <ignored/>
  </testcase> <!-- MarathiLanguage_Validation -->
  <testcase classname="com.ExcelR_Project_3.Amazon.runTestcases" name="KannadaLanguage_Validation" time="0.0">
    <ignored/>
  </testcase> <!-- KannadaLanguage_Validation -->
  <testcase classname="com.ExcelR_Project_3.Amazon.runTestcases" name="categoryElectronics_Verification" time="0.0">
    <ignored/>
  </testcase> <!-- categoryElectronics_Verification -->
  <testcase classname="com.ExcelR_Project_3.Amazon.runTestcases" name="saveProductForlaterList_Verification" time="0.0">
    <ignored/>
  </testcase> <!-- saveProductForlaterList_Verification -->
  <testcase classname="com.ExcelR_Project_3.Amazon.runTestcases" name="deleteItemFromCart_Verification" time="0.0">
    <ignored/>
  </testcase> <!-- deleteItemFromCart_Verification -->
  <testcase classname="com.ExcelR_Project_3.Amazon.runTestcases" name="loginWithInvalidCredentials_Verifiaction" time="0.0">
    <ignored/>
  </testcase> <!-- loginWithInvalidCredentials_Verifiaction -->
  <testcase classname="com.ExcelR_Project_3.Amazon.runTestcases" name="productdetails_Verification" time="0.0">
    <ignored/>
  </testcase> <!-- productdetails_Verification -->
  <testcase classname="com.ExcelR_Project_3.Amazon.runTestcases" name="proceedItemstoCheckOut_Verification" time="0.0">
    <ignored/>
  </testcase> <!-- proceedItemstoCheckOut_Verification -->
  <testcase classname="com.ExcelR_Project_3.Amazon.runTestcases" name="register_NewUserAccount" time="0.0">
    <ignored/>
  </testcase> <!-- register_NewUserAccount -->
  <testcase classname="com.ExcelR_Project_3.Amazon.runTestcases" name="globalSearchBox_Verification" time="0.0">
    <ignored/>
  </testcase> <!-- globalSearchBox_Verification -->
  <testcase classname="com.ExcelR_Project_3.Amazon.runTestcases" name="addProductToWishlistS_Verification" time="0.0">
    <ignored/>
  </testcase> <!-- addProductToWishlistS_Verification -->
  <testcase classname="com.ExcelR_Project_3.Amazon.runTestcases" name="allCategoryList_Verification" time="0.0">
    <ignored/>
  </testcase> <!-- allCategoryList_Verification -->
  <testcase classname="com.ExcelR_Project_3.Amazon.runTestcases" name="signInLink_Verification" time="0.0">
    <ignored/>
  </testcase> <!-- signInLink_Verification -->
</testsuite> <!-- Default test -->
