<?xml version="1.0" encoding="UTF-8"?>
<testng-results ignored="0" total="1" passed="1" failed="0" skipped="0">
  <reporter-output>
  </reporter-output>
  <suite started-at="2023-10-27T17:10:53 EDT" name="Default suite" finished-at="2023-10-27T17:11:10 EDT" duration-ms="16891">
    <groups>
    </groups>
    <test started-at="2023-10-27T17:10:53 EDT" name="Default test" finished-at="2023-10-27T17:11:10 EDT" duration-ms="16891">
      <class name="com.ExcelR_Project_3.Amazon.runTestcases">
        <test-method is-config="true" signature="setUp_Browser()[pri:0, instance:com.ExcelR_Project_3.Amazon.runTestcases@2af004b]" started-at="2023-10-27T17:10:53 EDT" name="setUp_Browser" finished-at="2023-10-27T17:10:55 EDT" duration-ms="1730" status="PASS">
          <reporter-output>
          </reporter-output>
        </test-method> <!-- setUp_Browser -->
        <test-method signature="addProductsToCart_Verification()[pri:15, instance:com.ExcelR_Project_3.Amazon.runTestcases@2af004b]" started-at="2023-10-27T17:10:55 EDT" name="addProductsToCart_Verification" finished-at="2023-10-27T17:11:10 EDT" duration-ms="15099" status="PASS">
          <reporter-output>
          </reporter-output>
        </test-method> <!-- addProductsToCart_Verification -->
      </class> <!-- com.ExcelR_Project_3.Amazon.runTestcases -->
    </test> <!-- Default test -->
  </suite> <!-- Default suite -->
</testng-results>
